<?xml version="1.0" encoding="UTF-8"?>
<testng-results total="2" passed="2" failed="0" skipped="0">
  <reporter-output>
  </reporter-output>
  <suite started-at="2019-08-25T12:55:01Z" name="Suite" finished-at="2019-08-25T12:55:33Z" duration-ms="32831">
    <groups>
    </groups>
    <test started-at="2019-08-25T12:55:01Z" name="Test" finished-at="2019-08-25T12:55:33Z" duration-ms="32831">
      <class name="com.absa.qa.test.AddUserTest">
        <test-method is-config="true" signature="Next()[pri:0, instance:com.absa.qa.test.AddUserTest@58ea606c]" started-at="2019-08-25T14:55:01Z" name="Next" finished-at="2019-08-25T14:55:19Z" duration-ms="17519" status="PASS">
          <reporter-output>
          </reporter-output>
        </test-method> <!-- Next -->
        <test-method signature="newAddUser1(java.lang.String, java.lang.String, java.lang.String, java.lang.String, java.lang.String, java.lang.String, java.lang.String, java.lang.String)[pri:0, instance:com.absa.qa.test.AddUserTest@58ea606c]" started-at="2019-08-25T14:55:19Z" name="newAddUser1" data-provider="getATestData" finished-at="2019-08-25T14:55:24Z" duration-ms="5526" status="PASS">
          <params>
            <param index="0">
              <value>
                <![CDATA[FName3]]>
              </value>
            </param>
            <param index="1">
              <value>
                <![CDATA[LName3]]>
              </value>
            </param>
            <param index="2">
              <value>
                <![CDATA[User3]]>
              </value>
            </param>
            <param index="3">
              <value>
                <![CDATA[Pass3]]>
              </value>
            </param>
            <param index="4">
              <value>
                <![CDATA[Company AAA]]>
              </value>
            </param>
            <param index="5">
              <value>
                <![CDATA[Admin]]>
              </value>
            </param>
            <param index="6">
              <value>
                <![CDATA[admin@gmail.com]]>
              </value>
            </param>
            <param index="7">
              <value>
                <![CDATA[82555]]>
              </value>
            </param>
          </params>
          <reporter-output>
          </reporter-output>
        </test-method> <!-- newAddUser1 -->
        <test-method is-config="true" signature="close()[pri:0, instance:com.absa.qa.test.AddUserTest@58ea606c]" started-at="2019-08-25T14:55:24Z" name="close" finished-at="2019-08-25T14:55:25Z" duration-ms="343" status="PASS">
          <reporter-output>
          </reporter-output>
        </test-method> <!-- close -->
        <test-method is-config="true" signature="Next()[pri:0, instance:com.absa.qa.test.AddUserTest@58ea606c]" started-at="2019-08-25T14:55:25Z" name="Next" finished-at="2019-08-25T14:55:31Z" duration-ms="6670" status="PASS">
          <reporter-output>
          </reporter-output>
        </test-method> <!-- Next -->
        <test-method signature="newAddUser1(java.lang.String, java.lang.String, java.lang.String, java.lang.String, java.lang.String, java.lang.String, java.lang.String, java.lang.String)[pri:0, instance:com.absa.qa.test.AddUserTest@58ea606c]" started-at="2019-08-25T14:55:31Z" name="newAddUser1" data-provider="getATestData" finished-at="2019-08-25T14:55:33Z" duration-ms="1589" status="PASS">
          <params>
            <param index="0">
              <value>
                <![CDATA[FName4]]>
              </value>
            </param>
            <param index="1">
              <value>
                <![CDATA[LName4]]>
              </value>
            </param>
            <param index="2">
              <value>
                <![CDATA[User4]]>
              </value>
            </param>
            <param index="3">
              <value>
                <![CDATA[Pass4]]>
              </value>
            </param>
            <param index="4">
              <value>
                <![CDATA[Company BBB]]>
              </value>
            </param>
            <param index="5">
              <value>
                <![CDATA[Customer]]>
              </value>
            </param>
            <param index="6">
              <value>
                <![CDATA[customer@gmail.com]]>
              </value>
            </param>
            <param index="7">
              <value>
                <![CDATA[83444]]>
              </value>
            </param>
          </params>
          <reporter-output>
          </reporter-output>
        </test-method> <!-- newAddUser1 -->
        <test-method is-config="true" signature="close()[pri:0, instance:com.absa.qa.test.AddUserTest@58ea606c]" started-at="2019-08-25T14:55:33Z" name="close" finished-at="2019-08-25T14:55:33Z" duration-ms="275" status="PASS">
          <reporter-output>
          </reporter-output>
        </test-method> <!-- close -->
      </class> <!-- com.absa.qa.test.AddUserTest -->
    </test> <!-- Test -->
  </suite> <!-- Suite -->
</testng-results>
